mode: atomic
ccmetrics/host.go:10.31,12.2 1 0
ccmetrics/host.go:14.30,17.21 3 0
ccmetrics/host.go:17.21,19.14 2 0
ccmetrics/host.go:19.14,21.4 1 0
ccmetrics/host.go:23.2,23.13 1 0
ccmetrics/metricshandler.go:27.49,29.6 2 0
ccmetrics/metricshandler.go:29.6,30.43 1 0
ccmetrics/metricshandler.go:30.43,33.4 2 0
ccmetrics/metricshandler.go:34.3,34.62 1 0
ccmetrics/metricshandler.go:34.62,36.12 2 0
ccmetrics/metricshandler.go:38.3,38.8 1 0
ccmetrics/metricshandler.go:41.2,41.15 1 0
ccmetrics/metricshandler.go:41.15,43.3 1 0
ccmetrics/natsmsgqueuemetrics.go:19.63,50.2 8 0
ccmetrics/natsmsgqueuemetrics.go:52.45,54.2 1 0
ccmetrics/natsmsgqueuemetrics.go:56.81,59.2 2 0
ccmetrics/natsmsgqueuemetrics.go:61.80,63.2 1 0
cccopy/cccopy.go:8.62,10.16 2 1
cccopy/cccopy.go:10.16,12.3 1 0
cccopy/cccopy.go:14.2,14.57 1 1
cccopy/cccopy.go:14.57,16.3 1 0
cccopy/cccopy.go:18.2,18.12 1 1
cccopy/cccopy.go:21.36,25.2 3 0
cccopy/cccopy.go:27.56,29.24 2 0
cccopy/cccopy.go:29.24,31.3 1 0
cccopy/cccopy.go:32.2,32.12 1 0
ccmetrics/host.go:10.31,12.2 1 0
ccmetrics/host.go:14.30,17.21 3 0
ccmetrics/host.go:17.21,19.14 2 0
ccmetrics/host.go:19.14,21.4 1 0
ccmetrics/host.go:23.2,23.13 1 0
ccmetrics/metricshandler.go:27.49,29.6 2 0
ccmetrics/metricshandler.go:29.6,30.43 1 0
ccmetrics/metricshandler.go:30.43,33.4 2 0
ccmetrics/metricshandler.go:34.3,34.62 1 0
ccmetrics/metricshandler.go:34.62,36.12 2 0
ccmetrics/metricshandler.go:38.3,38.8 1 0
ccmetrics/metricshandler.go:41.2,41.15 1 0
ccmetrics/metricshandler.go:41.15,43.3 1 0
ccmetrics/natsmsgqueuemetrics.go:19.63,50.2 8 0
ccmetrics/natsmsgqueuemetrics.go:52.45,54.2 1 0
ccmetrics/natsmsgqueuemetrics.go:56.81,59.2 2 0
ccmetrics/natsmsgqueuemetrics.go:61.80,63.2 1 0
